Build 568 nightly Wed Jun 18 2008 04:48:38PM
logfile opened on Thu Jun 26 02:49:34 2014

g_compassShowEnemies is cheat protected.
      dvar set cg_drawCrosshair 1
cg_drawCrosshair is cheat protected.
      dvar set sv_mapRotation gametype war map mp_rats08 gametype war map mp_rvs_streets_ksk map mp_toysoldiers map mp_backlot_night map mp_rubberaim map mp_highrise map mp_shipment2 map mp_offices_v3 map mp_a2k_motel_beta3 map mp_village_night map mp_o6killhouse1_beta map mp_pow_rld map mp_sc_hangar map mp_toujane map mp_stonetown
      dvar set g_gametype war
      dvar set scr_dm_scorelimit 150
      dvar set scr_dm_timelimit 10
      dvar set scr_dm_roundlimit 1
      dvar set scr_dm_numlives 0
      dvar set scr_dm_playerrespawndelay 0
      dvar set scr_dm_waverespawndelay 0
      dvar set scr_dom_scorelimit 200
      dvar set scr_dom_timelimit 0
      dvar set scr_dom_roundlimit 1
      dvar set scr_dom_numlives 0
      dvar set scr_dom_playerrespawndelay 0
      dvar set scr_dom_waverespawndelay 0
      dvar set scr_war_scorelimit 750
      dvar set scr_war_timelimit 10
      dvar set scr_war_roundlimit 1
      dvar set scr_war_numlives 0
      dvar set scr_war_playerrespawndelay 0
      dvar set scr_war_waverespawndelay 0
      dvar set scr_sab_scorelimit 1
      dvar set scr_sab_timelimit 20
      dvar set scr_sab_roundlimit 0
      dvar set scr_sab_numlives 0
      dvar set scr_sab_playerrespawndelay 7.5
      dvar set scr_sab_waverespawndelay 0
      dvar set scr_sab_roundswitch 1
      dvar set scr_sab_bombtimer 30
      dvar set scr_sab_planttime 2.5
      dvar set scr_sab_defusetime 5
      dvar set scr_sab_hotpotato 0
      dvar set scr_koth_scorelimit 250
      dvar set scr_koth_timelimit 15
      dvar set scr_koth_roundlimit 1
      dvar set scr_koth_numlives 0
      dvar set scr_koth_roundswitch 1
      dvar set scr_koth_playerrespawndelay 0
      dvar set scr_koth_waverespawndelay 0
      dvar set koth_autodestroytime 60
      dvar set koth_spawntime 0
      dvar set koth_kothmode 0
      dvar set koth_capturetime 20
      dvar set koth_destroytime 10
      dvar set koth_delayPlayer 0
      dvar set koth_spawnDelay 60
      dvar set scr_sd_scorelimit 4
      dvar set scr_sd_timelimit 2.5
      dvar set scr_sd_roundlimit 0
      dvar set scr_sd_numlives 1
      dvar set scr_sd_playerrespawndelay 0
      dvar set scr_sd_waverespawndelay 0
      dvar set scr_sd_roundswitch 3
      dvar set scr_sd_bombtimer 45
      dvar set scr_sd_planttime 5
      dvar set scr_sd_defusetime 5
      dvar set scr_sd_multibomb 0
map_rotate...

"sv_mapRotation" is:"gametype war map mp_rats08 gametype war map mp_rvs_streets_ksk map mp_toysoldiers map mp_backlot_night map mp_rubberaim map mp_highrise map mp_shipment2 map mp_offices_v3 map mp_a2k_motel_beta3 map mp_village_night map mp_o6killhouse1_beta map mp_pow_rld map mp_sc_hangar map mp_toujane map mp_stonetown"

"sv_mapRotationCurrent" is:""

      dvar set sv_mapRotationCurrent gametype war map mp_rats08 gametype war map mp_rvs_streets_ksk map mp_toysoldiers map mp_backlot_night map mp_rubberaim map mp_highrise map mp_shipment2 map mp_offices_v3 map mp_a2k_motel_beta3 map mp_village_night map mp_o6killhouse1_beta map mp_pow_rld map mp_sc_hangar map mp_toujane map mp_stonetown
      dvar set sv_mapRotationCurrent  war map mp_rats08 gametype war map mp_rvs_streets_ksk map mp_toysoldiers map mp_backlot_night map mp_rubberaim map mp_highrise map mp_shipment2 map mp_offices_v3 map mp_a2k_motel_beta3 map mp_village_night map mp_o6killhouse1_beta map mp_pow_rld map mp_sc_hangar map mp_toujane map mp_stonetown
      dvar set sv_mapRotationCurrent  map mp_rats08 gametype war map mp_rvs_streets_ksk map mp_toysoldiers map mp_backlot_night map mp_rubberaim map mp_highrise map mp_shipment2 map mp_offices_v3 map mp_a2k_motel_beta3 map mp_village_night map mp_o6killhouse1_beta map mp_pow_rld map mp_sc_hangar map mp_toujane map mp_stonetown
Setting g_gametype: war.
      dvar set g_gametype war
      dvar set sv_mapRotationCurrent  mp_rats08 gametype war map mp_rvs_streets_ksk map mp_toysoldiers map mp_backlot_night map mp_rubberaim map mp_highrise map mp_shipment2 map mp_offices_v3 map mp_a2k_motel_beta3 map mp_village_night map mp_o6killhouse1_beta map mp_pow_rld map mp_sc_hangar map mp_toujane map mp_stonetown
      dvar set sv_mapRotationCurrent  gametype war map mp_rvs_streets_ksk map mp_toysoldiers map mp_backlot_night map mp_rubberaim map mp_highrise map mp_shipment2 map mp_offices_v3 map mp_a2k_motel_beta3 map mp_village_night map mp_o6killhouse1_beta map mp_pow_rld map mp_sc_hangar map mp_toujane map mp_stonetown
Setting map: mp_rats08.
Loading fastfile mp_rats08_load
      dvar set g_gametype war
      dvar set g_gametype war
Loaded zone 'mp_rats08_load'
      dvar set mapname mp_rats08
      dvar set didyouknow @PLATFORM_DYK_MSG21
      dvar set nextmap 
      dvar set sv_disableClientConsole 0
No stats found, zeroing out stats buffer
      dvar set cl_paused 0
      dvar set loc_language 2
      dvar set loc_forceEnglish 0
      dvar set com_errorTitle Fehler
      dvar set com_errorMessage Fehler beim Lesen der Statistikdaten. Die Statistiken wurden zurückgesetzt.
********************
ERROR: Fehler beim Lesen der Statistikdaten. Die Statistiken wurden zurückgesetzt.
********************
      dvar set sv_disableClientConsole 0
Successfully wrote stats data
----- R_Init -----
      dvar set r_fullscreen 1
      dvar set r_ignorehwgamma 0
      dvar set r_texFilterDisable 0
      dvar set r_texFilterMipBias 0
      dvar set r_fullbright 0
      dvar set r_debugShader none
      dvar set r_znear 4
      dvar set r_znear_depthhack 0.1
      dvar set r_zfar 0
      dvar set r_fog 1
      dvar set r_picmip_water 0
      dvar set r_lightMap Unchanged
      dvar set r_colorMap Unchanged
      dvar set r_normalMap Unchanged
      dvar set r_specularMap Unchanged
      dvar set r_specularColorScale 1
      dvar set r_diffuseColorScale 1
      dvar set r_useLayeredMaterials 0
      dvar set r_loadForRenderer 1
      dvar set r_resampleScene 1
      dvar set r_showPixelCost off
      dvar set r_vc_makelog 0
      dvar set r_showLightGrid 0
      dvar set r_showMissingLightGrid 0
      dvar set r_lightTweakSunLight 1
      dvar set r_lightTweakSunColor 0 1 0 1
      dvar set r_lightTweakSunDirection 0 0 0
      dvar set r_norefresh 0
      dvar set r_scaleViewport 1
      dvar set r_aaSamples 2
      dvar set r_vsync 0
      dvar set r_spotLightFovInnerFraction 0.7
      dvar set r_spotLightStartRadius 36
      dvar set r_spotLightEndRadius 196
      dvar set r_spotLightShadows 1
      dvar set r_spotLightSModelShadows 1
      dvar set r_spotLightEntityShadows 1
      dvar set r_spotLightBrightness 14
      dvar set r_lockPvs 0
      dvar set r_skipPvs 0
      dvar set r_singleCell 0
      dvar set r_portalWalkLimit 0
      dvar set r_portalMinRecurseDepth 2
      dvar set r_showPortals 0
      dvar set r_showFbColorDebug None
      dvar set r_showFloatZDebug 0
      dvar set r_floatz 1
      dvar set r_highLodDist -1
      dvar set r_mediumLodDist -1
      dvar set r_lowLodDist -1
      dvar set r_lowestLodDist -1
      dvar set r_forceLod none
      dvar set r_modelVertColor 1
      dvar set r_modelVertColor 1
      dvar set sc_blur 2
      dvar set sc_count 24
      dvar set sc_debugCasterCount 24
      dvar set sc_debugReceiverCount 24
      dvar set sc_showOverlay 0
      dvar set sc_showDebug 0
      dvar set sc_wantCount 12
      dvar set sc_wantCountMargin 1
      dvar set sc_fadeRange 0.25
      dvar set sc_shadowInRate 2
      dvar set sc_shadowOutRate 5
      dvar set sc_length 400
      dvar set sc_offscreenCasterLodBias 0
      dvar set sc_offscreenCasterLodScale 20
      dvar set sm_sunEnable 1
      dvar set sm_spotEnable 1
      dvar set sm_sunSampleSizeNear 0.25
      dvar set sm_sunShadowCenter 0 0 0
      dvar set sm_sunShadowScale 1
      dvar set sm_strictCull 1
      dvar set sm_fastSunShadow 1
      dvar set sm_qualitySpotShadow 1
      dvar set r_blur 0
      dvar set r_glow 1
      dvar set r_glowUseTweaks 0
      dvar set r_glowTweakEnable 0
      dvar set r_glowTweakRadius0 5
      dvar set r_glowTweakBloomIntensity0 1
      dvar set r_glowTweakBloomCutoff 0.5
      dvar set r_glowTweakBloomDesaturation 0
      dvar set r_filmUseTweaks 0
      dvar set r_contrast 1
      dvar set r_brightness 0
      dvar set r_desaturation 1
      dvar set r_dof_tweak 0
      dvar set r_dof_nearBlur 6
      dvar set r_dof_farBlur 1.8
      dvar set r_dof_viewModelStart 2
      dvar set r_dof_viewModelEnd 8
      dvar set r_dof_nearStart 10
      dvar set r_dof_nearEnd 60
      dvar set r_dof_farStart 1000
      dvar set r_dof_farEnd 7000
      dvar set r_dof_bias 0.5
      dvar set r_sun_from_dvars 0
      dvar set r_monitor 0
      dvar set r_rendererPreference Default
      dvar set r_aspectRatio auto
      dvar set r_customMode 
      dvar set r_altModelLightingUpdate 1
      dvar set r_preloadShaders 0
DirectX reports 1024 MB of video memory and 2689 MB of available texture memory.
Using video memory size to cap used texture memory at 1008 MB.
Using previously reported texture memory size of 1008 MB.
Texture detail is set automatically.
      dvar set r_picmip 0
      dvar set r_picmip_bump 0
      dvar set r_picmip_spec 0
Using picmip 0 on most textures, 0 on normal maps, and 3 on specular maps
      dvar set ui_hud_hardcore 0
      dvar set ui_mousePitch 0
      dvar set ui_netGametypeName dom
Working directory: F:\Spiele\Call of Duty 4 - Modern Warfare
PunkBuster Client: Changing PunkBuster homepath to [C:\Users\Florian Paust\AppData\Local\PunkBuster\COD4\pb\]
PunkBuster Client: Warning: Corrupted Interface
PunkBuster Client: Attempting to resolve master8.evenbalance.com
PunkBuster Client: Resolved to [5.153.14.146] (19)
PunkBuster Client: PunkBuster Client (v2.258 | A0) Enabled
Huffman Took 4 Milliseconds
Could not find menu 'main'
PunkBuster Client: Game Version [CoD4 MP 1.7 build 568 nightly Wed Jun 18 2008 04:48:38PM win-x86]
PunkBuster Client: Not Connected to a Server
      dvar set com_errorMessage 
      dvar set com_errorMessage 
      dvar set com_isNotice 0
Could not find menu 'main'
      dvar set cl_paused 0
Could not find menu 'main'
Could not find menu 'main'
Could not find menu 'main'
Could not find menu 'main'
Could not find menu 'main'
Could not find menu 'main'
Could not find menu 'main'
Could not find menu 'main'
Could not find menu 'main'
Could not find menu 'main'
Could not find menu 'main'
Could not find menu 'main'
Could not find menu 'main'
Could not find menu 'main'
Could not find menu 'main'
      dvar set cl_paused 0
Could not find menu 'main'
Could not find menu 'main'
Could not find menu 'main'
Could not find menu 'main'
Could not find menu 'main'
Could not find menu 'main'
Could not find menu 'main'
Could not find menu 'main'
Could not find menu 'main'
Could not find menu 'main'
Could not find menu 'main'
Could not find menu 'main'
Could not find menu 'main'
Could not find menu 'main'
Could not find menu 'main'
Could not find menu 'main'
Could not find menu 'main'
Could not find menu 'main'
Could not find menu 'main'
Could not find menu 'main'
Could not find menu 'main'
Could not find menu 'main'
Could not find menu 'main'
Could not find menu 'main'
Could not find menu 'main'
Could not find menu 'main'
Could not find menu 'main'
Could not find menu 'main'
Could not find menu 'main'
Could not find menu 'main'
Could not find menu 'main'
Could not find menu 'main'
Could not find menu 'main'
Could not find menu 'main'
Could not find menu 'main'
Could not find menu 'main'
Could not find menu 'main'
Could not find menu 'main'
Could not find menu 'main'
Could not find menu 'main'
Could not find menu 'main'
Could not find menu 'main'
Could not find menu 'main'
Could not find menu 'main'
Could not find menu 'main'
Could not find menu 'main'
Could not find menu 'main'
Could not find menu 'main'
Could not find menu 'main'
Could not find menu 'main'
Could not find menu 'main'
Could not find menu 'main'
Could not find menu 'main'
Could not find menu 'main'
Could not find menu 'main'
Could not find menu 'main'
Could not find menu 'main'
Could not find menu 'main'
Could not find menu 'main'
Could not find menu 'main'
Could not find menu 'main'
Could not find menu 'main'
Could not find menu 'main'
Could not find menu 'main'
Could not find menu 'main'
Could not find menu 'main'
Could not find menu 'main'
Could not find menu 'main'
Could not find menu 'main'
Could not find menu 'main'
Could not find menu 'main'
Could not find menu 'main'
Could not find menu 'main'
Could not find menu 'main'
Could not find menu 'main'
Could not find menu 'main'
Could not find menu 'main'
Could not find menu 'main'
Could not find menu 'main'
Could not find menu 'main'
Could not find menu 'main'
Could not find menu 'main'
Could not find menu 'main'
Could not find menu 'main'
Could not find menu 'main'
Could not find menu 'main'
Could not find menu 'main'
Could not find menu 'main'
Could not find menu 'main'
Could not find menu 'main'
Could not find menu 'main'
Could not find menu 'main'
Could not find menu 'main'
Could not find menu 'main'
Could not find menu 'main'
Could not find menu 'main'
Could not find menu 'main'
Could not find menu 'main'
Could not find menu 'main'
Could not find menu 'main'
Could not find menu 'main'
Could not find menu 'main'
Could not find menu 'main'
Could not find menu 'main'
Could not find menu 'main'
Could not find menu 'main'
Could not find menu 'main'
Could not find menu 'main'
Could not find menu 'main'
Could not find menu 'main'
Could not find menu 'main'
Could not find menu 'main'
Could not find menu 'main'
Could not find menu 'main'
Could not find menu 'main'
Could not find menu 'main'
Could not find menu 'main'
Could not find menu 'main'
Could not find menu 'main'
Could not find menu 'main'
Could not find menu 'main'
Could not find menu 'main'
Could not find menu 'main'
Could not find menu 'main'
Could not find menu 'main'
Could not find menu 'main'
Could not find menu 'main'
Could not find menu 'main'
Could not find menu 'main'
Could not find menu 'main'
Could not find menu 'main'
Could not find menu 'main'
Could not find menu 'main'
Could not find menu 'main'
Could not find menu 'main'
Could not find menu 'main'
Could not find menu 'main'
Could not find menu 'main'
Could not find menu 'main'
Could not find menu 'main'
Could not find menu 'main'
Could not find menu 'main'
Could not find menu 'main'
Could not find menu 'main'
Could not find menu 'main'
Could not find menu 'main'
Could not find menu 'main'
Could not find menu 'main'
Could not find menu 'main'
Could not find menu 'main'
Could not find menu 'main'
Could not find menu 'main'
Could not find menu 'main'
Could not find menu 'main'
Could not find menu 'main'
Could not find menu 'main'
Could not find menu 'main'
Could not find menu 'main'
Could not find menu 'main'
Could not find menu 'main'
Could not find menu 'main'
Could not find menu 'main'
Could not find menu 'main'
Could not find menu 'main'
Could not find menu 'main'
Could not find menu 'main'
Could not find menu 'main'
Could not find menu 'main'
Could not find menu 'main'
Could not find menu 'main'
Could not find menu 'main'
Could not find menu 'main'
Could not find menu 'main'
Could not find menu 'main'
Could not find menu 'main'
Could not find menu 'main'
Could not find menu 'main'
Could not find menu 'main'
Could not find menu 'main'
Could not find menu 'main'
Could not find menu 'main'
Could not find menu 'main'
Could not find menu 'main'
Could not find menu 'main'
Could not find menu 'main'
Could not find menu 'main'
Could not find menu 'main'
Could not find menu 'main'
Could not find menu 'main'
Could not find menu 'main'
Could not find menu 'main'
Could not find menu 'main'
PunkBuster Client: PB Services socket initialized
Could not find menu 'main'
Could not find menu 'main'
Could not find menu 'main'
Could not find menu 'main'
Could not find menu 'main'
Could not find menu 'main'
Could not find menu 'main'
Could not find menu 'main'
Could not find menu 'main'
Could not find menu 'main'
Could not find menu 'main'
Could not find menu 'main'
Could not find menu 'main'
Could not find menu 'main'
Could not find menu 'main'
Could not find menu 'main'
Could not find menu 'main'
Could not find menu 'main'
Could not find menu 'main'
Could not find menu 'main'
Could not find menu 'main'
Could not find menu 'main'
Could not find menu 'main'
Could not find menu 'main'
Could not find menu 'main'
Could not find menu 'main'
Could not find menu 'main'
Could not find menu 'main'
Could not find menu 'main'
Could not find menu 'main'
Could not find menu 'main'
Could not find menu 'main'
Could not find menu 'main'
Could not find menu 'main'
Could not find menu 'main'
Could not find menu 'main'
Could not find menu 'main'
Could not find menu 'main'
Could not find menu 'main'
Could not find menu 'main'
Could not find menu 'main'
Could not find menu 'main'
Could not find menu 'main'
Could not find menu 'main'
Could not find menu 'main'
Could not find menu 'main'
Could not find menu 'main'
Could not find menu 'main'
Could not find menu 'main'
Could not find menu 'main'
Could not find menu 'main'
Could not find menu 'main'
Could not find menu 'main'
Could not find menu 'main'
Could not find menu 'main'
Could not find menu 'main'
Could not find menu 'main'
Could not find menu 'main'
Could not find menu 'main'
Could not find menu 'main'
Could not find menu 'main'
Could not find menu 'main'
Could not find menu 'main'
Could not find menu 'main'
Could not find menu 'main'
Could not find menu 'main'
Could not find menu 'main'
Could not find menu 'main'
Could not find menu 'main'
Could not find menu 'main'
Could not find menu 'main'
Could not find menu 'main'
Could not find menu 'main'
Could not find menu 'main'
Could not find menu 'main'
Could not find menu 'main'
Could not find menu 'main'
Could not find menu 'main'
Could not find menu 'main'
Could not find menu 'main'
Could not find menu 'main'
Could not find menu 'main'
Could not find menu 'main'
Could not find menu 'main'
Could not find menu 'main'
Could not find menu 'main'
Could not find menu 'main'
Could not find menu 'main'
Could not find menu 'main'
Could not find menu 'main'
Could not find menu 'main'
Could not find menu 'main'
Could not find menu 'main'
Could not find menu 'main'
Could not find menu 'main'
Could not find menu 'main'
Could not find menu 'main'
Could not find menu 'main'
Could not find menu 'main'
Could not find menu 'main'
Could not find menu 'main'
Could not find menu 'main'
Could not find menu 'main'
Could not find menu 'main'
Could not find menu 'main'
Could not find menu 'main'
Could not find menu 'main'
Could not find menu 'main'
Could not find menu 'main'
Could not find menu 'main'
Could not find menu 'main'
Could not find menu 'main'
Could not find menu 'main'
Could not find menu 'main'
Could not find menu 'main'
Could not find menu 'main'
Could not find menu 'main'
Could not find menu 'main'
Could not find menu 'main'
Could not find menu 'main'
Could not find menu 'main'
Could not find menu 'main'
Could not find menu 'main'
Could not find menu 'main'
Could not find menu 'main'
Could not find menu 'main'
Could not find menu 'main'
Could not find menu 'main'
Could not find menu 'main'
Could not find menu 'main'
Could not find menu 'main'
Could not find menu 'main'
Could not find menu 'main'
Could not find menu 'main'
Could not find menu 'main'
Could not find menu 'main'
Could not find menu 'main'
Could not find menu 'main'
Could not find menu 'main'
Could not find menu 'main'
Could not find menu 'main'
Could not find menu 'main'
Could not find menu 'main'
Could not find menu 'main'
Could not find menu 'main'
Could not find menu 'main'
Could not find menu 'main'
Could not find menu 'main'
Could not find menu 'main'
Could not find menu 'main'
Could not find menu 'main'
Could not find menu 'main'
Could not find menu 'main'
Could not find menu 'main'
Could not find menu 'main'
Could not find menu 'main'
Could not find menu 'main'
Could not find menu 'main'
Could not find menu 'main'
Could not find menu 'main'
Could not find menu 'main'
Could not find menu 'main'
Could not find menu 'main'
Could not find menu 'main'
Could not find menu 'main'
Could not find menu 'main'
Could not find menu 'main'
Could not find menu 'main'
Could not find menu 'main'
Could not find menu 'main'
Could not find menu 'main'
Could not find menu 'main'
Could not find menu 'main'
Could not find menu 'main'
Could not find menu 'main'
Could not find menu 'main'
Could not find menu 'main'
Could not find menu 'main'
Could not find menu 'main'
Could not find menu 'main'
Could not find menu 'main'
Could not find menu 'main'
      dvar set cl_paused 0
Could not find menu 'main'
Could not find menu 'main'
Could not find menu 'main'
Could not find menu 'main'
Could not find menu 'main'
Could not find menu 'main'
Could not find menu 'main'
Could not find menu 'main'
Could not find menu 'main'
      dvar set cl_paused 0
Could not find menu 'main'
Could not find menu 'main'
Could not find menu 'main'
Could not find menu 'main'
Could not find menu 'main'
Could not find menu 'main'
Could not find menu 'main'
Could not find menu 'main'
Could not find menu 'main'
Could not find menu 'main'
Could not find menu 'main'
Could not find menu 'main'
Could not find menu 'main'
Could not find menu 'main'
Could not find menu 'main'
Could not find menu 'main'
Could not find menu 'main'
Could not find menu 'main'
Could not find menu 'main'
Could not find menu 'main'
Could not find menu 'main'
Could not find menu 'main'
Could not find menu 'main'
Could not find menu 'main'
Could not find menu 'main'
Could not find menu 'main'
Could not find menu 'main'
Could not find menu 'main'
Could not find menu 'main'
Could not find menu 'main'
Could not find menu 'main'
Could not find menu 'main'
Could not find menu 'main'
Could not find menu 'main'
Could not find menu 'main'
Could not find menu 'main'
Could not find menu 'main'
Could not find menu 'main'
Could not find menu 'main'
Could not find menu 'main'
Could not find menu 'main'
Could not find menu 'main'
Could not find menu 'main'
Could not find menu 'main'
Could not find menu 'main'
Could not find menu 'main'
Could not find menu 'main'
Could not find menu 'main'
Could not find menu 'main'
Could not find menu 'main'
Could not find menu 'main'
Could not find menu 'main'
Could not find menu 'main'
Could not find menu 'main'
Could not find menu 'main'
Could not find menu 'main'
Could not find menu 'main'
Could not find menu 'main'
Could not find menu 'main'
Could not find menu 'main'
Could not find menu 'main'
Could not find menu 'main'
Could not find menu 'main'
Could not find menu 'main'
PunkBuster Client: PnkBstrA successfully loaded PnkBstrB
Could not find menu 'main'
Could not find menu 'main'
Could not find menu 'main'
Could not find menu 'main'
Could not find menu 'main'
Could not find menu 'main'
Could not find menu 'main'
Could not find menu 'main'
Could not find menu 'main'
Could not find menu 'main'
Could not find menu 'main'
Could not find menu 'main'
Could not find menu 'main'
Could not find menu 'main'
Could not find menu 'main'
Could not find menu 'main'
Could not find menu 'main'
Could not find menu 'main'
Could not find menu 'main'
Could not find menu 'main'
Could not find menu 'main'
Could not find menu 'main'
Could not find menu 'main'
Could not find menu 'main'
Could not find menu 'main'
Could not find menu 'main'
Could not find menu 'main'
Could not find menu 'main'
Could not find menu 'main'
Could not find menu 'main'
Could not find menu 'main'
Could not find menu 'main'
Could not find menu 'main'
Could not find menu 'main'
Could not find menu 'main'
Could not find menu 'main'
Could not find menu 'main'
Could not find menu 'main'
Could not find menu 'main'
Could not find menu 'main'
Could not find menu 'main'
Could not find menu 'main'
Could not find menu 'main'
Could not find menu 'main'
Could not find menu 'main'
Could not find menu 'main'
Could not find menu 'main'
Could not find menu 'main'
Could not find menu 'main'
Could not find menu 'main'
Could not find menu 'main'
Could not find menu 'main'
Could not find menu 'main'
Could not find menu 'main'
Could not find menu 'main'
Could not find menu 'main'
Could not find menu 'main'
Could not find menu 'main'
Could not find menu 'main'
Could not find menu 'main'
Could not find menu 'main'
Could not find menu 'main'
Could not find menu 'main'
Could not find menu 'main'
Could not find menu 'main'
Could not find menu 'main'
Could not find menu 'main'
Could not find menu 'main'
Could not find menu 'main'
Could not find menu 'main'
Could not find menu 'main'
Could not find menu 'main'
Could not find menu 'main'
Could not find menu 'main'
Could not find menu 'main'
Could not find menu 'main'
Could not find menu 'main'
Could not find menu 'main'
Could not find menu 'main'
Could not find menu 'main'
Could not find menu 'main'
Could not find menu 'main'
Could not find menu 'main'
Could not find menu 'main'
Could not find menu 'main'
Could not find menu 'main'
Could not find menu 'main'
Could not find menu 'main'
Could not find menu 'main'
Could not find menu 'main'
Could not find menu 'main'
Could not find menu 'main'
Could not find menu 'main'
Could not find menu 'main'
Could not find menu 'main'
Could not find menu 'main'
Could not find menu 'main'
Could not find menu 'main'
Could not find menu 'main'
Could not find menu 'main'
Could not find menu 'main'
Could not find menu 'main'
Could not find menu 'main'
Could not find menu 'main'
Could not find menu 'main'
Could not find menu 'main'
Could not find menu 'main'
Could not find menu 'main'
Could not find menu 'main'
Could not find menu 'main'
Could not find menu 'main'
Could not find menu 'main'
Could not find menu 'main'
Could not find menu 'main'
Could not find menu 'main'
Could not find menu 'main'
Could not find menu 'main'
Could not find menu 'main'
Could not find menu 'main'
Could not find menu 'main'
Could not find menu 'main'
Could not find menu 'main'
Could not find menu 'main'
Could not find menu 'main'
Could not find menu 'main'
Could not find menu 'main'
Could not find menu 'main'
Could not find menu 'main'
Could not find menu 'main'
      dvar set cl_paused 0
Could not find menu 'main'
Could not find menu 'main'
      dvar set cl_paused 0
Could not find menu 'main'
Could not find menu 'main'
Could not find menu 'main'
Could not find menu 'main'
Could not find menu 'main'
Could not find menu 'main'
Could not find menu 'main'
Could not find menu 'main'
Could not find menu 'main'
Could not find menu 'main'
Could not find menu 'main'
Could not find menu 'main'
Could not find menu 'main'
Could not find menu 'main'
Could not find menu 'main'
Could not find menu 'main'
Could not find menu 'main'
Could not find menu 'main'
Could not find menu 'main'
Could not find menu 'main'
Could not find menu 'main'
Could not find menu 'main'
Could not find menu 'main'
Could not find menu 'main'
Could not find menu 'main'
Could not find menu 'main'
Could not find menu 'main'
Could not find menu 'main'
Could not find menu 'main'
Could not find menu 'main'
Could not find menu 'main'
Could not find menu 'main'
Could not find menu 'main'
      dvar set cl_paused 0
Could not find menu 'main'
Could not find menu 'main'
Could not find menu 'main'
Could not find menu 'main'
Could not find menu 'main'
Could not find menu 'main'
Could not find menu 'main'
Could not find menu 'main'
Could not find menu 'main'
Could not find menu 'main'
      dvar set cl_paused 0
Could not find menu 'main'
Could not find menu 'main'
      dvar set cl_paused 0
Could not find menu 'main'
Could not find menu 'main'
Could not find menu 'main'
Could not find menu 'main'
Could not find menu 'main'
Could not find menu 'main'
Could not find menu 'main'
Could not find menu 'main'
Could not find menu 'main'
Could not find menu 'main'
Could not find menu 'main'
Could not find menu 'main'
Could not find menu 'main'
Could not find menu 'main'
Could not find menu 'main'
Could not find menu 'main'
Could not find menu 'main'
Could not find menu 'main'
Could not find menu 'main'
Could not find menu 'main'
Could not find menu 'main'
Could not find menu 'main'
Could not find menu 'main'
Could not find menu 'main'
Could not find menu 'main'
Could not find menu 'main'
Could not find menu 'main'
Could not find menu 'main'
Could not find menu 'main'
Could not find menu 'main'
Could not find menu 'main'
Could not find menu 'main'
Could not find menu 'main'
Could not find menu 'main'
Could not find menu 'main'
Could not find menu 'main'
Could not find menu 'main'
Could not find menu 'main'
Could not find menu 'main'
Could not find menu 'main'
Could not find menu 'main'
Could not find menu 'main'
Could not find menu 'main'
Could not find menu 'main'
Could not find menu 'main'
Could not find menu 'main'
Could not find menu 'main'
Could not find menu 'main'
Could not find menu 'main'
Could not find menu 'main'
Could not find menu 'main'
Could not find menu 'main'
Could not find menu 'main'
Could not find menu 'main'
Could not find menu 'main'
Could not find menu 'main'
Could not find menu 'main'
Could not find menu 'main'
Could not find menu 'main'
Could not find menu 'main'
Could not find menu 'main'
Could not find menu 'main'
Could not find menu 'main'
Could not find menu 'main'
Could not find menu 'main'
Could not find menu 'main'
Could not find menu 'main'
Could not find menu 'main'
Could not find menu 'main'
Could not find menu 'main'
Could not find menu 'main'
Could not find menu 'main'
Could not find menu 'main'
Could not find menu 'main'
Could not find menu 'main'
Could not find menu 'main'
Could not find menu 'main'
Could not find menu 'main'
Could not find menu 'main'
Could not find menu 'main'
Could not find menu 'main'
Could not find menu 'main'
Could not find menu 'main'
Could not find menu 'main'
Could not find menu 'main'
Could not find menu 'main'
Could not find menu 'main'
Could not find menu 'main'
Could not find menu 'main'
Could not find menu 'main'
Could not find menu 'main'
Could not find menu 'main'
Could not find menu 'main'
Could not find menu 'main'
Could not find menu 'main'
Could not find menu 'main'
Could not find menu 'main'
Could not find menu 'main'
Could not find menu 'main'
Could not find menu 'main'
Could not find menu 'main'
Could not find menu 'main'
Could not find menu 'main'
Could not find menu 'main'
Could not find menu 'main'
Could not find menu 'main'
Could not find menu 'main'
Could not find menu 'main'
Could not find menu 'main'
Could not find menu 'main'
Could not find menu 'main'
Could not find menu 'main'
Could not find menu 'main'
Could not find menu 'main'
Could not find menu 'main'
Could not find menu 'main'
Could not find menu 'main'
Could not find menu 'main'
Could not find menu 'main'
Could not find menu 'main'
Could not find menu 'main'
Could not find menu 'main'
Could not find menu 'main'
Could not find menu 'main'
Could not find menu 'main'
Could not find menu 'main'
Could not find menu 'main'
Could not find menu 'main'
Could not find menu 'main'
Could not find menu 'main'
Could not find menu 'main'
Could not find menu 'main'
Could not find menu 'main'
Could not find menu 'main'
Could not find menu 'main'
Could not find menu 'main'
Could not find menu 'main'
Could not find menu 'main'
Could not find menu 'main'
Could not find menu 'main'
Could not find menu 'main'
Could not find menu 'main'
Could not find menu 'main'
Could not find menu 'main'
Could not find menu 'main'
Could not find menu 'main'
Could not find menu 'main'
Could not find menu 'main'
Could not find menu 'main'
Could not find menu 'main'
Could not find menu 'main'
Could not find menu 'main'
Could not find menu 'main'
Could not find menu 'main'
Could not find menu 'main'
Could not find menu 'main'
Could not find menu 'main'
Could not find menu 'main'
Could not find menu 'main'
Could not find menu 'main'
Could not find menu 'main'
Could not find menu 'main'
Could not find menu 'main'
Could not find menu 'main'
Could not find menu 'main'
Could not find menu 'main'
Could not find menu 'main'
Could not find menu 'main'
Could not find menu 'main'
Could not find menu 'main'
Could not find menu 'main'
Could not find menu 'main'
Could not find menu 'main'
Could not find menu 'main'
Could not find menu 'main'
Could not find menu 'main'
Could not find menu 'main'
Could not find menu 'main'
Could not find menu 'main'
Could not find menu 'main'
Could not find menu 'main'
Could not find menu 'main'
Could not find menu 'main'
Could not find menu 'main'
PunkBuster Client: PnkBstrB service installed and started successfully
Could not find menu 'main'
Could not find menu 'main'
Could not find menu 'main'
Could not find menu 'main'
Could not find menu 'main'
Could not find menu 'main'
Could not find menu 'main'
Could not find menu 'main'
Could not find menu 'main'
Could not find menu 'main'
Could not find menu 'main'
Could not find menu 'main'
Could not find menu 'main'
Could not find menu 'main'
Could not find menu 'main'
Could not find menu 'main'
Could not find menu 'main'
Could not find menu 'main'
Could not find menu 'main'
Could not find menu 'main'
Could not find menu 'main'
Could not find menu 'main'
Could not find menu 'main'
Could not find menu 'main'
Could not find menu 'main'
Could not find menu 'main'
Could not find menu 'main'
Could not find menu 'main'
Could not find menu 'main'
Could not find menu 'main'
Could not find menu 'main'
Could not find menu 'main'
Could not find menu 'main'
Could not find menu 'main'
Could not find menu 'main'
Could not find menu 'main'
Could not find menu 'main'
Could not find menu 'main'
Could not find menu 'main'
Could not find menu 'main'
Could not find menu 'main'
Could not find menu 'main'
Could not find menu 'main'
Could not find menu 'main'
Could not find menu 'main'
Could not find menu 'main'
Could not find menu 'main'
Could not find menu 'main'
Could not find menu 'main'
Could not find menu 'main'
Could not find menu 'main'
Could not find menu 'main'
Could not find menu 'main'
Could not find menu 'main'
Could not find menu 'main'
Could not find menu 'main'
Could not find menu 'main'
Could not find menu 'main'
Could not find menu 'main'
Could not find menu 'main'
Could not find menu 'main'
Could not find menu 'main'
Could not find menu 'main'
Could not find menu 'main'
Could not find menu 'main'
Could not find menu 'main'
Could not find menu 'main'
Could not find menu 'main'
Could not find menu 'main'
Could not find menu 'main'
Could not find menu 'main'
Could not find menu 'main'
Could not find menu 'main'
Could not find menu 'main'
Could not find menu 'main'
Could not find menu 'main'
Could not find menu 'main'
Could not find menu 'main'
Could not find menu 'main'
Could not find menu 'main'
Could not find menu 'main'
Could not find menu 'main'
Could not find menu 'main'
Could not find menu 'main'
Could not find menu 'main'
Could not find menu 'main'
Could not find menu 'main'
Could not find menu 'main'
Could not find menu 'main'
Could not find menu 'main'
Could not find menu 'main'
Could not find menu 'main'
Could not find menu 'main'
Could not find menu 'main'
Could not find menu 'main'
Could not find menu 'main'
Could not find menu 'main'
Could not find menu 'main'
Could not find menu 'main'
Could not find menu 'main'
Could not find menu 'main'
Could not find menu 'main'
Could not find menu 'main'
Could not find menu 'main'
Could not find menu 'main'
Could not find menu 'main'
Could not find menu 'main'
Could not find menu 'main'
Could not find menu 'main'
Could not find menu 'main'
Could not find menu 'main'
Could not find menu 'main'
Could not find menu 'main'
Could not find menu 'main'
Could not find menu 'main'
Could not find menu 'main'
Could not find menu 'main'
Could not find menu 'main'
Could not find menu 'main'
Could not find menu 'main'
Could not find menu 'main'
Could not find menu 'main'
Could not find menu 'main'
Could not find menu 'main'
Com_TouchMemory: 0 msec. Using sum: 0
Could not find menu 'main'
Recovering lost device...
Using 2x anti-aliasing
Initializing render targets...
Requested frame buffer to be 24-bit color with 8-bit alpha
DirectX returned a frame buffer that is 24-bit color with 8-bit alpha
Initializing static model cache...
Initializing dynamic buffers...
Initializing particle cloud buffer...
Creating Direct3D queries...
Finished recovering lost device.
Could not find menu 'main'
Could not find menu 'main'
Could not find menu 'main'
Could not find menu 'main'
Could not find menu 'main'
Could not find menu 'main'
Could not find menu 'main'
Could not find menu 'main'
Could not find menu 'main'
Could not find menu 'main'
Could not find menu 'main'
Could not find menu 'main'
Could not find menu 'main'
Could not find menu 'main'
Could not find menu 'main'
Could not find menu 'main'
Could not find menu 'main'
Could not find menu 'main'
Could not find menu 'main'
Could not find menu 'main'
Could not find menu 'main'
Could not find menu 'main'
Could not find menu 'main'
Could not find menu 'main'
Could not find menu 'main'
Could not find menu 'main'
Could not find menu 'main'
Could not find menu 'main'
Could not find menu 'main'
Could not find menu 'main'
Could not find menu 'main'
Could not find menu 'main'
Could not find menu 'main'
Could not find menu 'main'
Could not find menu 'main'
Could not find menu 'main'
Could not find menu 'main'
Could not find menu 'main'
Could not find menu 'main'
Could not find menu 'main'
Could not find menu 'main'
Could not find menu 'main'
Could not find menu 'main'
Could not find menu 'main'
Could not find menu 'main'
Could not find menu 'main'
Could not find menu 'main'
Could not find menu 'main'
Could not find menu 'main'
Could not find menu 'main'
Could not find menu 'main'
Could not find menu 'main'
Could not find menu 'main'
Could not find menu 'main'
Could not find menu 'main'
Could not find menu 'main'
Could not find menu 'main'
Could not find menu 'main'
Could not find menu 'main'
Could not find menu 'main'
Could not find menu 'main'
Could not find menu 'main'
Could not find menu 'main'
Could not find menu 'main'
Could not find menu 'main'
Could not find menu 'main'
Could not find menu 'main'
Could not find menu 'main'
Could not find menu 'main'
Could not find menu 'main'
Could not find menu 'main'
Could not find menu 'main'
Could not find menu 'main'
Could not find menu 'main'
Could not find menu 'main'
Could not find menu 'main'
Could not find menu 'main'
Could not find menu 'main'
Could not find menu 'main'
Could not find menu 'main'
Could not find menu 'main'
Could not find menu 'main'
Could not find menu 'main'
Could not find menu 'main'
Could not find menu 'main'
Could not find menu 'main'
Could not find menu 'main'
Could not find menu 'main'
Could not find menu 'main'
Could not find menu 'main'
Could not find menu 'main'
Could not find menu 'main'
Could not find menu 'main'
Could not find menu 'main'
Could not find menu 'main'
Could not find menu 'main'
Could not find menu 'main'
Could not find menu 'main'
Could not find menu 'main'
Could not find menu 'main'
Could not find menu 'main'
Could not find menu 'main'
Could not find menu 'main'
Could not find menu 'main'
Could not find menu 'main'
Could not find menu 'main'
Could not find menu 'main'
Could not find menu 'main'
Could not find menu 'main'
Could not find menu 'main'
Could not find menu 'main'
Could not find menu 'main'
Could not find menu 'main'
Could not find menu 'main'
Could not find menu 'main'
Could not find menu 'main'
Could not find menu 'main'
Could not find menu 'main'
Could not find menu 'main'
Could not find menu 'main'
Could not find menu 'main'
Could not find menu 'main'
Could not find menu 'main'
Could not find menu 'main'
Could not find menu 'main'
Could not find menu 'main'
Could not find menu 'main'
Could not find menu 'main'
Could not find menu 'main'
Could not find menu 'main'
Could not find menu 'main'
Could not find menu 'main'
Could not find menu 'main'
Could not find menu 'main'
Could not find menu 'main'
Could not find menu 'main'
Could not find menu 'main'
Could not find menu 'main'
Could not find menu 'main'
Could not find menu 'main'
Could not find menu 'main'
Could not find menu 'main'
Could not find menu 'main'
Could not find menu 'main'
Could not find menu 'main'
Could not find menu 'main'
Could not find menu 'main'
Could not find menu 'main'
Could not find menu 'main'
Could not find menu 'main'
Could not find menu 'main'
Could not find menu 'main'
Could not find menu 'main'
Could not find menu 'main'
Could not find menu 'main'
Could not find menu 'main'
Could not find menu 'main'
Could not find menu 'main'
Could not find menu 'main'
Could not find menu 'main'
Could not find menu 'main'
Could not find menu 'main'
Could not find menu 'main'
Could not find menu 'main'
Could not find menu 'main'
Could not find menu 'main'
Could not find menu 'main'
Could not find menu 'main'
Could not find menu 'main'
Could not find menu 'main'
Could not find menu 'main'
Could not find menu 'main'
Could not find menu 'main'
Could not find menu 'main'
Could not find menu 'main'
Could not find menu 'main'
Could not find menu 'main'
Could not find menu 'main'
Could not find menu 'main'
Could not find menu 'main'
Could not find menu 'main'
Could not find menu 'main'
Could not find menu 'main'
Could not find menu 'main'
Could not find menu 'main'
Could not find menu 'main'
Could not find menu 'main'
Could not find menu 'main'
Could not find menu 'main'
Could not find menu 'main'
Could not find menu 'main'
Could not find menu 'main'
Could not find menu 'main'
Could not find menu 'main'
Could not find menu 'main'
Could not find menu 'main'
Could not find menu 'main'
Could not find menu 'main'
Could not find menu 'main'
Could not find menu 'main'
Could not find menu 'main'
Could not find menu 'main'
Could not find menu 'main'
Could not find menu 'main'
Could not find menu 'main'
Could not find menu 'main'
Could not find menu 'main'
Could not find menu 'main'
Could not find menu 'main'
Could not find menu 'main'
Could not find menu 'main'
Could not find menu 'main'
Could not find menu 'main'
Could not find menu 'main'
Could not find menu 'main'
Could not find menu 'main'
Could not find menu 'main'
Could not find menu 'main'
Could not find menu 'main'
Could not find menu 'main'
Could not find menu 'main'
Could not find menu 'main'
Could not find menu 'main'
Could not find menu 'main'
Could not find menu 'main'
Could not find menu 'main'
Could not find menu 'main'
Could not find menu 'main'
Could not find menu 'main'
Could not find menu 'main'
Could not find menu 'main'
Could not find menu 'main'
Could not find menu 'main'
Could not find menu 'main'
Could not find menu 'main'
Could not find menu 'main'
Could not find menu 'main'
Could not find menu 'main'
Could not find menu 'main'
Could not find menu 'main'
Could not find menu 'main'
Could not find menu 'main'
Could not find menu 'main'
Could not find menu 'main'
Could not find menu 'main'
Could not find menu 'main'
Could not find menu 'main'
Could not find menu 'main'
Could not find menu 'main'
Could not find menu 'main'
Could not find menu 'main'
Could not find menu 'main'
Could not find menu 'main'
Could not find menu 'main'
Could not find menu 'main'
Could not find menu 'main'
Could not find menu 'main'
Could not find menu 'main'
Could not find menu 'main'
Could not find menu 'main'
Could not find menu 'main'
Could not find menu 'main'
Could not find menu 'main'
Could not find menu 'main'
Could not find menu 'main'
Could not find menu 'main'
Could not find menu 'main'
Could not find menu 'main'
Could not find menu 'main'
Could not find menu 'main'
Could not find menu 'main'
Could not find menu 'main'
Could not find menu 'main'
Could not find menu 'main'
Could not find menu 'main'
Could not find menu 'main'
Could not find menu 'main'
Could not find menu 'main'
Could not find menu 'main'
Could not find menu 'main'
Could not find menu 'main'
Could not find menu 'main'
Could not find menu 'main'
Could not find menu 'main'
Could not find menu 'main'
Could not find menu 'main'
Could not find menu 'main'
Could not find menu 'main'
Could not find menu 'main'
Could not find menu 'main'
Could not find menu 'main'
Could not find menu 'main'
Could not find menu 'main'
Could not find menu 'main'
Could not find menu 'main'
Could not find menu 'main'
Could not find menu 'main'
Could not find menu 'main'
Could not find menu 'main'
Could not find menu 'main'
Could not find menu 'main'
Could not find menu 'main'
Could not find menu 'main'
Could not find menu 'main'
Could not find menu 'main'
Could not find menu 'main'
Could not find menu 'main'
Could not find menu 'main'
Could not find menu 'main'
Could not find menu 'main'
Could not find menu 'main'
Could not find